994
994
992
994
994
994
994
994
994
1000
1000
119
986
994
992
7
994
994
994
994
994
994
994
994
994
994
994
994
990
994
994
994
1000
994
994
1000
994
994
994
990
1000
1000
994
994
994
994
20
994
994
994
994
1000
994
994
994
994
994
994
994
994
994
994
992
994
994
994
994
994
994
994
975
994
994
994
994
994
994
994
994
994
994
1000
994
994
936
992
861
994
994
994
994
994
994
1000
994
994
994
994
994
994
994
994
994
1000
994
992
994
994
994
994
994
994
3
974
994
994
994
103
994
994
994
994
994
994
1000
1000
994
994
994
994
994
994
994
994
994
994
975
994
994
994
994
994
994
1000
994
1000
994
994
994
1000
994
994
994
994
988
950
994
994
994
994
994
994
994
990
994
994
994
994
994
988
990
1000
994
994
994
988
994
994
1000
838
994
994
994
990
994
992
994
994
994
994
994
994
994
994
1000
994
994
994
994
994
994
1000
994
994
994
992
994
994
994
994
1000
994
994
994
994
994
994
994
994
994
994
994
994
803
994
994
994
994
994
994
994
994
994
12
994
994
994
994
994
994
994
984
994
994
994
994
988
994
977
990
994
994
994
994
994
994
994
1000
994
994
994
990
994
994
994
1000
1000
1000
992
994
974
994
1000
988
994
994
994
994
2
994
994
994
994
994
994
994
994
994
994
1000
994
1000
992
994
994
994
994
994
994
994
994
4
1000
994
994
994
126
994
931
994
994
992
994
994
994
994
105
1000
994
975
994
998
994
1000
994
994
994
994
994
994
994
990
994
994
994
994
994
5
6
994
994
994
994
990
994
994
994
992
932
994
994
1000
994
988
994
994
994
994
994
994
994
986
994
994
994
994
1
994
994
994
994
994
1000
6
994
994
994
994
448
994
994
994
994
994
994
994
994
990
994
990
994
994
994
994
994
938
994
994
994
992
994
994
994
992
994
981
1000
994
994
1000
994
994
999
994
992
994
994
994
994
884
1000
994
994
994
994
994
994
994
994
994
994
994
994
1000
1000
992
994
994
994
994
931
994
994
1000
994
994
1000
994
974
994
994
994
994
988
994
994
994
1000
994
994
994
994
994
994
994
994
992
994
994
994
994
994
981
1000
994
994
994
994
994
994
994
974
994
994
994
994
994
994
994
910
1000
990
994
994
994
994
994
994
990
994
994
981
994
994
994
994
994
1000
994
994
994
994
994
994
994
994
994
994
870
988
444
1000
994
994
994
994
994
994
994
994
609
994
994
994
632
994
911
994
981
994
992
994
994
1000
994
994
994
994
994
994
994
994
994
994
994
994
994
994
990
994
994
994
994
994
994
994
994
994
1000
902
994
994
994
994
992
994
1000
994
994
994
994
994
994
974
994
994
994
1000
994
994
994
994
994
988
994
994
994
994
994
994
994
1000
994
994
994
994
994
994
994
994
994
1000
994
994
994
994
994
986
994
994
994
937
994
990
994
994
994
1000
1000
994
703
994
994
992
994
1000
994
1000
994
1000
994
994
1000
994
994
994
994
994
994
994
994
994
994
994
994
1000
994
994
994
904
994
994
994
994
994
994
994
994
994
994
976
994
994
273
994
994
994
994
994
8
996
994
994
981
1000
994
994
994
988
994
994
1000
994
994
994
994
994
1000
448
1000
1000
994
994
994
994
994
994
994
988
981
994
974
1000
994
994
994
994
1000
994
994
994
994
994
990
1000
1000
994
994
994
963
994
994
994
992
994
994
442
994
994
998
994
994
994
994
994
994
994
986
994
994
994
994
994
994
994
994
994
994
1000
994
994
994
994
994
994
986
994
994
974
994
994
994
994
994
994
994
992
869
994
994
994
988
1000
994
994
993
994
994
990
994
994
994
994
994
994
994
994
994
994
994
994
994
958
994
110
994
1000
994
1000
994
981
994
994
994
994
994
994
994
994
992
994
992
994
994
997
994
994
994
1000
282
992
994
994
990
958
278
990
994
994
994
994
994
994
994
994
994
994
994
994
994
994
994
994
1000
994
994
994
994
994
994
860
994
994
994
994
704
994
994
1000
994
994
994
994
1000
994
994
994
925
994
994
994
994
994
994
994
994
974
994
994
1000
994
994
990
994
994
994
994
994
1000
994
1000
994
994
994
994
994
994
994
988
992
986
994
994
994
997
994
994
994
962
1000
994
990
1000
994
994
994
994
994
994
994
994
994
994
994
994
1000
994
994
994
994
994
994
958
994
994
994
994
994
994
994
994
994
994
994
994
994
5
485
1
994
994
994
798
994
994
994
994
1000
994
994
994
994
994
994
994
4
994
962
994
994
994
994
994
994
994
994
986
994
994
994
994
994
994
994
994
994
994
830
994
994
