999
1000
1000
995
1000
1000
735
1000
408
1000
1000
1000
1000
1000
1000
511
968
1000
841
1000
999
1000
1000
1000
861
1000
989
995
1000
1000
999
995
992
1000
991
998
1000
1000
986
1000
989
1000
1000
1000
1000
998
995
1000
1000
1000
999
1000
1000
1000
1000
978
1000
989
1000
1000
1000
23
1000
1000
1000
995
1000
1000
1000
953
995
1000
1000
1000
1000
1000
973
1000
971
1000
995
992
996
978
1000
1000
980
996
1000
1000
1000
992
1000
1000
1000
1000
998
1000
1000
1000
1000
1000
1000
1000
1000
1000
1000
1000
999
1000
986
1000
946
995
999
1000
1000
942
999
1000
1000
1000
1000
986
998
938
966
997
1000
1000
1000
1000
1000
1000
1000
1000
1000
1000
1000
1000
997
1000
995
1000
1000
1000
1000
1000
1000
1000
1000
1000
1000
995
1000
1000
1000
1000
1000
1000
1000
1000
1000
1000
1000
998
1000
1000
1000
989
1000
1000
1000
1000
1000
999
1000
996
1000
265
1000
999
1000
7
1000
1000
1000
1000
1000
1000
1000
1000
1000
1000
1000
996
1000
1000
1000
1000
1000
1000
1000
1000
1000
1000
1000
1000
1000
998
1000
999
938
1000
997
1000
959
1000
1000
807
1000
995
1000
529
986
1000
1000
1000
1000
1000
1000
1000
931
1000
1000
999
1000
1000
1000
1000
995
989
1000
998
1000
1000
1000
1000
1000
1000
866
1000
1000
999
755
1000
920
1000
1000
1000
996
1000
1000
970
1000
1000
997
1000
1000
680
1000
1000
1000
1000
1000
992
969
1000
1000
998
1000
1000
1000
998
1000
996
1000
998
1000
998
1000
996
1000
1000
1000
1000
986
1000
1000
1000
966
1000
1000
1000
1000
1000
1000
1000
1000
1000
1000
1000
1000
1000
1000
1000
1000
1000
996
998
1000
984
1000
1000
1000
1000
1000
999
1000
996
1000
1000
1000
1000
1000
1000
1000
966
1000
1000
1000
1000
1000
1000
1000
1000
890
1000
1000
908
995
1000
1000
1000
861
1000
1000
1000
995
933
1000
1000
1000
1000
894
1000
1000
1000
1000
998
1000
783
1000
1000
1000
1000
1000
1000
1000
1000
1000
1000
986
1000
1000
1000
995
1000
1000
1000
966
1000
784
516
1000
997
1000
1000
1000
1000
1000
1000
1000
1000
976
1000
1000
1000
1000
1000
1000
1000
1000
1000
1000
1000
999
17
946
999
3
1000
1000
1000
1000
989
1000
986
1000
1000
1000
1000
1000
1000
1000
1000
999
1000
1000
1000
997
997
966
1000
992
1000
1000
1000
1000
1000
1000
1000
997
1000
1000
958
1000
1000
1000
916
1000
999
5
1000
1000
1000
1000
1000
1000
1000
996
1000
1000
1000
1000
944
998
679
1000
1000
1000
1000
1000
947
1000
1000
1000
1000
1000
996
1000
1000
1000
978
861
1000
999
1000
999
1000
1000
997
989
1000
1000
1000
1000
1000
1000
92
1000
1000
999
1000
1000
1000
1000
1000
1000
1000
1000
1000
998
1000
1000
1000
1000
1000
1000
1000
1000
1000
998
21
1000
1000
1000
1000
1000
995
1000
992
1000
1000
1000
1000
1000
1000
1000
1000
1000
1000
1000
1000
1000
1000
1000
1000
1000
1000
1000
1000
1000
1000
998
1000
1000
978
1000
1000
922
1000
1000
1000
1000
1000
1000
907
1000
1000
1000
1000
991
1000
999
1000
1000
1000
1000
1000
935
1000
1000
1000
1000
1000
1000
1000
1000
1000
1000
997
996
1000
1000
998
999
1000
999
1000
953
842
997
986
999
1000
1000
1000
1000
1000
1000
998
1000
1000
1000
1000
1000
993
1000
1000
1000
1000
997
986
938
1000
1000
1000
1000
1000
967
1000
1000
1000
1000
996
1000
1000
1000
1000
1000
1000
1000
1000
1000
1000
1000
1000
1000
1000
1000
1000
986
1000
996
1000
1000
1000
1000
1000
1000
1000
1000
999
1000
1000
1000
1000
3
1000
978
1000
1000
1000
1000
1000
1000
5
1000
1000
1000
1000
1000
1000
1000
1000
1000
1000
995
1000
1000
997
999
992
1000
1000
1000
1000
998
1000
1000
1000
1000
992
1000
1000
881
1000
1000
1000
1000
1000
834
997
1000
1000
1000
1000
1000
1000
1000
1000
1000
1000
1000
997
999
998
1000
1000
1000
1000
839
1000
1000
1000
1000
862
1000
1000
999
1000
1000
1000
1000
1000
992
1000
1000
1000
1000
1000
1000
998
1000
1000
1000
1000
1000
1000
1000
995
999
1000
1000
996
996
1000
1000
1000
1000
967
1000
1000
906
986
1000
1000
999
1000
1000
1000
1000
986
999
998
1000
924
989
1000
1000
1000
1000
1000
1000
1000
1000
1000
995
1000
1000
1000
1000
1000
996
1000
789
986
1000
1000
1000
1000
999
1000
992
953
1000
1000
938
1000
1000
1000
1000
1000
1000
1000
989
1000
1000
992
1000
1000
1000
998
1000
996
1000
1000
1000
1000
1000
1000
1000
906
1000
1000
1000
1000
400
1000
997
1000
1000
1000
1000
1000
1000
1000
1000
996
997
1000
1000
1000
1000
1000
1000
1000
1000
1000
1000
1000
11
1000
999
997
1000
1000
1000
1000
1000
1000
1000
1000
1000
999
986
1000
1000
1000
1000
1000
1000
992
995
1000
1000
996
1000
1000
1000
981
1000
1000
1000
1000
1000
995
1000
742
1000
980
1000
1000
1000
1000
267
1000
997
912
986
1000
1000
1000
997
1000
1000
1000
924
1000
1000
861
1000
1000
989
999
1000
999
1000
1000
997
1000
1000
1000
1000
1000
998
1000
1000
1000
997
1000
1000
1000
1000
997
1
1000
1000
1000
980
1000
997
1000
1000
1000
1000
1000
996
1000
1000
998
1000
1000
1000
1000
1
1000
992
1000
998
1000
1000
998
1000
1000
1000
1000
1000
1000
