215437493
27568180543
180116250
37670618777
789595689
979894008
616917739
17987137176
21966861980
2538010308
906608861
474535971
15143134081
30738423261
23614553724
34540837
22977555751
286459149
10114730219
800338673
859998592
3174304158
138101768
18488093899
31686655760
28853872477
139571148
893910494
698759063
179496235
31898133191
254651310
4040171608
24393823039
19328651795
14301658694
453559070
18099796343
33989310308
442960515
26173850948
92091964
8103315059
7200176517
934987023
505162347
423708837
932663940
16512736636
229255856
13022332316
719287127
37275929622
6200379836
18123789234
15733809322
817401481
12410617450
16511865510
5259437383
5269866463
566227399
7998825009
707827370
965071717
399728083
366442500
5779111715
11423812238
689989912
31843903133
701509323
298302688
28017513127
