69 35 31310 58303
85 85 68749 68749
131 131 114547 114547
136 136 125434 125434
143 143 128697 128697
149 149 149524 149524
150 150 182071 182071
202 202 201793 201793
206 206 212331 212331
256 228 217912 262949
261 261 273796 273796
266 262 281727 285360
286 273 289563 297671
287 287 329961 329961
289 289 350255 350255
292 292 352899 352899
334 334 353804 353804
351 351 356267 356267
356 356 374688 374688
362 362 388169 388169
363 363 400291 400291
387 364 413261 428236
401 401 429762 429762
434 434 440815 440815
437 437 456096 456096
461 442 463050 491441
462 462 538601 538601
463 463 548674 548674
475 475 551465 551465
484 484 568292 568292
495 495 578326 578326
521 521 597790 597790
523 523 619836 619836
524 524 646864 646864
533 533 692324 692324
536 536 701410 701410
548 548 702471 702471
576 562 742671 744855
597 597 751693 751693
612 612 758305 758305
629 629 769472 769472
659 659 775564 775564
661 661 786370 786370
747 667 791468 794830
758 718 810350 811129
801 801 811451 811451
825 814 812707 836753
834 834 843304 843304
847 847 850645 850645
862 862 927356 927356
879 871 934752 935663
881 881 959726 959726
884 884 967449 967449
890 890 973389 973389
906 906 988103 988103
928 917 988567 996240
993 993 998417 998417
57
57
57
57
57
57
57
57
57
57
57
57
57
57
57
57
57
57
56
57
57
57
57
57
57
57
57
57
57
57
57
57
57
57
57
57
57
57
57
57
56
56
57
57
57
57
57
57
57
57
57
57
57
57
57
57
57
57
57
57
57
57
57
57
57
57
57
57
57
57
57
57
57
57
57
57
57
57
57
57
57
57
56
57
57
57
57
57
57
57
57
57
57
57
57
57
57
57
57
57
57
57
57
57
57
57
56
57
57
57
57
57
57
57
57
57
57
57
57
57
57
57
57
57
57
56
57
57
57
57
57
57
57
57
57
57
57
57
57
57
56
57
57
57
57
57
57
57
57
57
57
57
57
57
57
57
57
57
57
57
57
57
57
57
56
57
57
57
57
57
57
57
57
57
57
57
57
57
57
57
57
57
57
57
58
57
57
57
57
57
57
57
57
57
57
57
57
57
57
57
58
57
57
57
57
57
57
57
57
57
57
57
57
57
57
57
57
57
57
57
57
57
57
57
57
57
57
57
57
57
57
57
57
57
56
57
57
57
57
57
57
56
57
57
57
57
57
57
57
57
57
57
57
57
56
57
57
57
57
57
57
57
57
56
57
57
57
57
57
57
57
57
57
57
57
57
56
57
57
57
57
57
57
57
57
57
57
57
57
57
57
57
57
57
57
57
57
57
57
57
57
57
57
57
57
57
57
57
57
57
57
57
57
57
57
57
57
57
57
57
57
57
58
57
57
57
57
57
57
57
57
57
57
57
57
57
57
57
57
57
57
57
57
57
57
57
57
57
57
57
57
57
57
57
57
57
56
57
57
57
57
56
57
57
57
57
57
57
57
57
57
57
57
57
57
57
57
57
57
57
57
57
57
57
57
57
57
57
57
57
57
57
57
57
57
57
57
57
57
57
57
57
57
57
57
57
57
57
57
57
57
57
56
57
57
57
57
57
57
57
57
57
57
57
57
57
57
57
57
57
57
57
57
57
57
57
57
57
57
57
57
57
57
57
56
57
57
57
57
57
57
57
57
57
57
57
57
57
57
57
57
57
57
56
57
57
57
57
57
57
57
57
57
57
57
57
57
57
57
57
57
57
57
57
57
57
57
57
57
57
57
57
57
57
57
57
57
57
56
56
57
57
57
57
57
57
57
57
57
57
57
57
57
57
57
57
57
57
57
57
58
57
57
57
57
57
57
57
57
57
57
57
57
57
57
57
57
57
57
57
57
57
57
57
57
57
57
57
57
57
56
57
57
57
57
57
57
57
57
57
57
57
57
57
57
57
57
57
57
57
57
57
57
57
57
57
57
57
57
57
57
57
57
57
57
57
57
57
57
57
57
57
57
57
57
57
57
57
56
57
57
57
57
57
57
57
57
56
57
57
57
57
57
57
57
57
57
57
57
57
57
57
57
57
57
57
57
57
57
57
57
57
57
57
57
58
56
57
57
57
57
57
57
57
57
57
57
57
57
57
57
57
57
57
57
57
57
57
57
57
57
57
57
57
57
57
57
57
57
57
57
57
57
57
57
57
57
57
57
57
57
57
57
57
57
56
56
57
57
57
57
57
57
57
57
57
57
57
57
57
57
57
57
57
57
57
57
56
57
57
57
57
57
57
57
57
57
57
57
57
57
57
57
57
57
57
57
57
57
57
57
57
57
56
57
57
57
57
57
57
57
57
57
57
57
57
57
57
57
57
57
57
57
57
57
57
57
57
57
56
57
57
57
57
57
57
57
57
57
57
57
57
57
57
57
57
57
57
57
57
57
57
57
56
57
57
57
57
57
57
57
57
57
57
57
57
57
57
57
57
57
57
57
57
57
57
57
57
57
57
57
57
57
57
57
57
57
57
57
57
57
57
57
57
57
56
57
57
57
57
57
57
57
57
57
57
57
57
57
57
57
57
57
56
57
57
57
57
57
57
57
57
57
57
57
57
57
57
57
57
57
57
57
57
57
57
57
57
57
57
57
57
57
57
57
57
57
57
57
57
57
57
57
57
57
57
57
57
57
57
57
57
57
57
57
57
57
57
57
57
57
57
57
57
57
57
57
57
57
57
57
57
57
57
57
57
57
57
56
57
57
57
57
57
57
57
58
57
57
57
57
57
57
57
57
57
57
57
57
57
57
58
57
57
57
57
57
57
57
57
57
57
57
57
57
57
57
57
57
57
57
57
57
57
57
57
57
57
56
57
57
57
57
57
57
57
56
57
57
57
57
57
57
57
57
57
57
57
57
57
57
57
57
57
57
57
57
57
57
57
